<?xml version="1.0" encoding="UTF-8"?>
<!-- Generated by org.testng.reporters.JUnitXMLReporter -->
<testsuite hostname="Dell-PC" ignored="18" name="Default test" tests="1" failures="0" timestamp="11 Jul 2018 00:13:38 GMT" time="8.279" errors="0">
  <testcase name="verifyEmail" time="0.02" classname="deltaXProject.testCases.RegistrationPageTestSuite"/>
  <testcase name="verifyEmailErrorBelow8Char" time="0.0" classname="deltaXProject.testCases.RegistrationPageTestSuite">
    <ignored/>
  </testcase> <!-- verifyEmailErrorBelow8Char -->
  <testcase name="verifyContactNoErrorBelow10Char" time="0.0" classname="deltaXProject.testCases.RegistrationPageTestSuite">
    <ignored/>
  </testcase> <!-- verifyContactNoErrorBelow10Char -->
  <testcase name="verifyConfirmPasswordErrorBelow8Char" time="0.0" classname="deltaXProject.testCases.RegistrationPageTestSuite">
    <ignored/>
  </testcase> <!-- verifyConfirmPasswordErrorBelow8Char -->
  <testcase name="verifySubmitButtonWithAllFieldsWithValidValues" time="0.0" classname="deltaXProject.testCases.RegistrationPageTestSuite">
    <ignored/>
  </testcase> <!-- verifySubmitButtonWithAllFieldsWithValidValues -->
  <testcase name="verifyFirstNameErrorBelow2Char" time="0.0" classname="deltaXProject.testCases.RegistrationPageTestSuite">
    <ignored/>
  </testcase> <!-- verifyFirstNameErrorBelow2Char -->
  <testcase name="verifySubmitButtonWithNonMandatoryFieldsasBlanks" time="0.0" classname="deltaXProject.testCases.RegistrationPageTestSuite">
    <ignored/>
  </testcase> <!-- verifySubmitButtonWithNonMandatoryFieldsasBlanks -->
  <testcase name="verifyPasswordandConfirmPassword" time="0.0" classname="deltaXProject.testCases.RegistrationPageTestSuite">
    <ignored/>
  </testcase> <!-- verifyPasswordandConfirmPassword -->
  <testcase name="verifyPasswordErrorBelow8Char" time="0.0" classname="deltaXProject.testCases.RegistrationPageTestSuite">
    <ignored/>
  </testcase> <!-- verifyPasswordErrorBelow8Char -->
  <testcase name="verifySubmitButtonWithFewMandatoryFieldsasBlank" time="0.0" classname="deltaXProject.testCases.RegistrationPageTestSuite">
    <ignored/>
  </testcase> <!-- verifySubmitButtonWithFewMandatoryFieldsasBlank -->
  <testcase name="verifyUserNameErrorClearingTheText" time="0.0" classname="deltaXProject.testCases.RegistrationPageTestSuite">
    <ignored/>
  </testcase> <!-- verifyUserNameErrorClearingTheText -->
  <testcase name="verifyEmailErrorClearingTheText" time="0.0" classname="deltaXProject.testCases.RegistrationPageTestSuite">
    <ignored/>
  </testcase> <!-- verifyEmailErrorClearingTheText -->
  <testcase name="verifyPasswordErrorClearingTheText" time="0.0" classname="deltaXProject.testCases.RegistrationPageTestSuite">
    <ignored/>
  </testcase> <!-- verifyPasswordErrorClearingTheText -->
  <testcase name="verifyUserNameErrorBelow8Char" time="0.0" classname="deltaXProject.testCases.RegistrationPageTestSuite">
    <ignored/>
  </testcase> <!-- verifyUserNameErrorBelow8Char -->
  <testcase name="verifyConfirmPasswordErrorClearingTheText" time="0.0" classname="deltaXProject.testCases.RegistrationPageTestSuite">
    <ignored/>
  </testcase> <!-- verifyConfirmPasswordErrorClearingTheText -->
  <testcase name="verifyContactNo" time="0.0" classname="deltaXProject.testCases.RegistrationPageTestSuite">
    <ignored/>
  </testcase> <!-- verifyContactNo -->
  <testcase name="verifyFirstNameErrorClearingTheText" time="0.0" classname="deltaXProject.testCases.RegistrationPageTestSuite">
    <ignored/>
  </testcase> <!-- verifyFirstNameErrorClearingTheText -->
  <testcase name="verifyLastNameErrorClearingTheText" time="0.0" classname="deltaXProject.testCases.RegistrationPageTestSuite">
    <ignored/>
  </testcase> <!-- verifyLastNameErrorClearingTheText -->
  <testcase name="verifyLastNameErrorBelow2Char" time="0.0" classname="deltaXProject.testCases.RegistrationPageTestSuite">
    <ignored/>
  </testcase> <!-- verifyLastNameErrorBelow2Char -->
</testsuite> <!-- Default test -->
