<?xml version="1.0" encoding="UTF-8"?>
<testng-results skipped="0" failed="0" ignored="18" total="19" passed="1">
  <reporter-output>
  </reporter-output>
  <suite name="Default suite" duration-ms="8279" started-at="2018-07-11T00:13:30Z" finished-at="2018-07-11T00:13:38Z">
    <groups>
    </groups>
    <test name="Default test" duration-ms="8279" started-at="2018-07-11T00:13:30Z" finished-at="2018-07-11T00:13:38Z">
      <class name="deltaXProject.testCases.RegistrationPageTestSuite">
        <test-method status="PASS" signature="dataSetup()[pri:0, instance:deltaXProject.testCases.RegistrationPageTestSuite@4cf777e8]" name="dataSetup" is-config="true" duration-ms="808" started-at="2018-07-11T05:43:30Z" finished-at="2018-07-11T05:43:31Z">
          <reporter-output>
          </reporter-output>
        </test-method> <!-- dataSetup -->
        <test-method status="PASS" signature="setUp()[pri:0, instance:deltaXProject.testCases.RegistrationPageTestSuite@4cf777e8]" name="setUp" is-config="true" duration-ms="6759" started-at="2018-07-11T05:43:31Z" finished-at="2018-07-11T05:43:37Z">
          <reporter-output>
          </reporter-output>
        </test-method> <!-- setUp -->
        <test-method status="PASS" signature="verifyEmail()[pri:14, instance:deltaXProject.testCases.RegistrationPageTestSuite@4cf777e8]" name="verifyEmail" duration-ms="20" started-at="2018-07-11T05:43:37Z" finished-at="2018-07-11T05:43:38Z">
          <reporter-output>
          </reporter-output>
        </test-method> <!-- verifyEmail -->
        <test-method status="PASS" signature="tearDow1()[pri:0, instance:deltaXProject.testCases.RegistrationPageTestSuite@4cf777e8]" name="tearDow1" is-config="true" duration-ms="665" started-at="2018-07-11T05:43:38Z" finished-at="2018-07-11T05:43:38Z">
          <reporter-output>
          </reporter-output>
        </test-method> <!-- tearDow1 -->
      </class> <!-- deltaXProject.testCases.RegistrationPageTestSuite -->
    </test> <!-- Default test -->
  </suite> <!-- Default suite -->
</testng-results>
